<?xml version="1.0" encoding="UTF-8"?>
<!-- Generated by org.testng.reporters.JUnitXMLReporter -->
<testsuite hostname="Rajus-MacBook-Pro-2.local" ignored="0" name="Default test" tests="10" failures="0" timestamp="08 Dec 2019 20:44:09 GMT" time="0.128" errors="0">
  <testcase name="verifyProductionAvailabilityFalse" time="0.006" classname="RuleEngine.RuleEngineTests"/>
  <testcase name="verifyProductionAvailabilityTrue" time="0.001" classname="RuleEngine.RuleEngineTests"/>
  <testcase name="verifyWithSpecialProductRate" time="0.002" classname="RuleEngine.RuleEngineTests"/>
  <testcase name="verifyWithSpecialProductRateForDifferentProductRate" time="0.001" classname="RuleEngine.RuleEngineTests"/>
  <testcase name="verifyWithSpecialProductRateWithExceedingMaxCreditScore" time="0.002" classname="RuleEngine.RuleEngineTests"/>
  <testcase name="verifyWithSpecialProductRateWithLowCreditScore" time="0.001" classname="RuleEngine.RuleEngineTests"/>
  <testcase name="verifyWithSpecialProductRateWithMaximumCreditScore" time="0.001" classname="RuleEngine.RuleEngineTests"/>
  <testcase name="verifyWithSpecialProductRateWithMediumCreditScore" time="0.004" classname="RuleEngine.RuleEngineTests"/>
  <testcase name="verifyWithSpecialProductRateWithNegetiveCreditScore" time="0.004" classname="RuleEngine.RuleEngineTests"/>
  <testcase name="verifyWithoutSpecialProductRate" time="0.022" classname="RuleEngine.RuleEngineTests"/>
</testsuite> <!-- Default test -->
