<?xml version="1.0" encoding="UTF-8"?>
<!-- Generated by org.testng.reporters.JUnitXMLReporter -->
<testsuite hostname="Rajus-MacBook-Pro-2.local" ignored="0" name="Test" tests="15" failures="0" timestamp="08 Dec 2019 17:35:05 GMT" time="0.107" errors="0">
  <testcase name="verifyProductionAvailabilityFalse" time="0.013" classname="RuleEngine.RuleEngineTests"/>
  <testcase name="verifyProductionAvailabilityTrue" time="0.004" classname="RuleEngine.RuleEngineTests"/>
  <testcase name="checkLongState" time="0.001" classname="Person.PersonTests"/>
  <testcase name="checkScore" time="0.001" classname="Person.PersonTests"/>
  <testcase name="checkSpecialCharacterInput" time="0.0" classname="Person.PersonTests"/>
  <testcase name="checkState" time="0.001" classname="Person.PersonTests"/>
  <testcase name="setCreditScore" time="0.0" classname="Person.PersonTests"/>
  <testcase name="setState" time="0.001" classname="Person.PersonTests"/>
  <testcase name="checkLongProductName" time="0.001" classname="Product.ProductTests"/>
  <testcase name="checkProduct" time="0.001" classname="Product.ProductTests"/>
  <testcase name="checkProductInterest" time="0.001" classname="Product.ProductTests"/>
  <testcase name="checkProductSpecialInterest" time="0.001" classname="Product.ProductTests"/>
  <testcase name="checkSpecialCharacterProductName" time="0.001" classname="Product.ProductTests"/>
  <testcase name="setProductQualificationToFalse" time="0.001" classname="Product.ProductTests"/>
  <testcase name="setProductQualificationToTrue" time="0.002" classname="Product.ProductTests"/>
</testsuite> <!-- Test -->
