<?xml version="1.0" encoding="UTF-8"?>
<!-- Generated by org.testng.reporters.JUnitXMLReporter -->
<testsuite hostname="Rajus-MacBook-Pro-2.local" ignored="1" name="RuleEngineTests(failed)" tests="1" failures="0" timestamp="08 Dec 2019 17:42:28 GMT" time="0.046" errors="0">
  <testcase name="verifyProductionAvailabilityFalse" time="0.007" classname="RuleEngine.RuleEngineTests"/>
  <testcase name="verifyProductionAvailabilityTrue" time="0.0" classname="RuleEngine.RuleEngineTests">
    <ignored/>
  </testcase> <!-- verifyProductionAvailabilityTrue -->
</testsuite> <!-- RuleEngineTests(failed) -->
