<?xml version="1.0" encoding="UTF-8"?>
<!-- Generated by org.testng.reporters.JUnitXMLReporter -->
<testsuite hostname="Rajus-MacBook-Pro-2.local" ignored="0" name="RuleEngineTests" tests="23" failures="0" timestamp="08 Dec 2019 20:46:32 GMT" time="0.241" errors="0">
  <testcase name="verifyProductionAvailabilityFalse" time="0.006" classname="RuleEngine.RuleEngineTests"/>
  <testcase name="verifyProductionAvailabilityTrue" time="0.001" classname="RuleEngine.RuleEngineTests"/>
  <testcase name="verifyWithSpecialProductRate" time="0.005" classname="RuleEngine.RuleEngineTests"/>
  <testcase name="verifyWithSpecialProductRateForDifferentProductRate" time="0.023" classname="RuleEngine.RuleEngineTests"/>
  <testcase name="verifyWithSpecialProductRateWithExceedingMaxCreditScore" time="0.002" classname="RuleEngine.RuleEngineTests"/>
  <testcase name="verifyWithSpecialProductRateWithLowCreditScore" time="0.002" classname="RuleEngine.RuleEngineTests"/>
  <testcase name="verifyWithSpecialProductRateWithMaximumCreditScore" time="0.001" classname="RuleEngine.RuleEngineTests"/>
  <testcase name="verifyWithSpecialProductRateWithMediumCreditScore" time="0.001" classname="RuleEngine.RuleEngineTests"/>
  <testcase name="verifyWithSpecialProductRateWithNegetiveCreditScore" time="0.001" classname="RuleEngine.RuleEngineTests"/>
  <testcase name="verifyWithoutSpecialProductRate" time="0.002" classname="RuleEngine.RuleEngineTests"/>
  <testcase name="checkLongState" time="0.001" classname="Person.PersonTests"/>
  <testcase name="checkScore" time="0.001" classname="Person.PersonTests"/>
  <testcase name="checkSpecialCharacterInput" time="0.002" classname="Person.PersonTests"/>
  <testcase name="checkState" time="0.006" classname="Person.PersonTests"/>
  <testcase name="setCreditScore" time="0.006" classname="Person.PersonTests"/>
  <testcase name="setState" time="0.001" classname="Person.PersonTests"/>
  <testcase name="checkLongProductName" time="0.001" classname="Product.ProductTests"/>
  <testcase name="checkProduct" time="0.001" classname="Product.ProductTests"/>
  <testcase name="checkProductInterest" time="0.0" classname="Product.ProductTests"/>
  <testcase name="checkProductSpecialInterest" time="0.0" classname="Product.ProductTests"/>
  <testcase name="checkSpecialCharacterProductName" time="0.001" classname="Product.ProductTests"/>
  <testcase name="setProductQualificationToFalse" time="0.001" classname="Product.ProductTests"/>
  <testcase name="setProductQualificationToTrue" time="0.001" classname="Product.ProductTests"/>
</testsuite> <!-- RuleEngineTests -->
